<?xml version="1.0" encoding="UTF-8"?>
<testng-results ignored="0" total="2" passed="2" failed="0" skipped="0">
  <reporter-output>
  </reporter-output>
  <suite started-at="2024-07-31T15:18:54 CEST" name="Surefire suite" finished-at="2024-07-31T15:18:54 CEST" duration-ms="99">
    <groups>
    </groups>
    <test started-at="2024-07-31T15:18:54 CEST" name="Surefire test" finished-at="2024-07-31T15:18:54 CEST" duration-ms="99">
      <class name="com.example.AppTest">
        <test-method signature="testCapitalizeString()[pri:0, instance:com.example.AppTest@43738a82]" started-at="2024-07-31T15:18:54 CEST" name="testCapitalizeString" finished-at="2024-07-31T15:18:54 CEST" duration-ms="9" status="PASS">
          <reporter-output>
          </reporter-output>
        </test-method> <!-- testCapitalizeString -->
        <test-method signature="testConvertToJson()[pri:0, instance:com.example.AppTest@43738a82]" started-at="2024-07-31T15:18:54 CEST" name="testConvertToJson" finished-at="2024-07-31T15:18:54 CEST" duration-ms="77" status="PASS">
          <reporter-output>
          </reporter-output>
        </test-method> <!-- testConvertToJson -->
      </class> <!-- com.example.AppTest -->
    </test> <!-- Surefire test -->
  </suite> <!-- Surefire suite -->
</testng-results>
